<?xml version='1.0' encoding='UTF-8'?>
<testsuite hostname="DESKTOP-Q8A6KNP" name="org.weather.model.forecast.TestInitalProcess" tests="8" errors="0" failures="0" skipped="0" time="1.657" timestamp="2020-04-10T17:45:34">
                     <properties>
      <property name="jline.esc.timeout" value="0"/><property name="java.runtime.name" value="Java(TM) SE Runtime Environment"/><property name="sun.boot.library.path" value="C:\Program Files\Java\jre1.8.0_191\bin"/><property name="java.vm.version" value="25.191-b12"/><property name="jline.terminal" value="unix"/><property name="java.vm.vendor" value="Oracle Corporation"/><property name="java.vendor.url" value="http://java.oracle.com/"/><property name="path.separator" value=";"/><property name="jna.loaded" value="true"/><property name="java.vm.name" value="Java HotSpot(TM) 64-Bit Server VM"/><property name="file.encoding.pkg" value="sun.io"/><property name="user.country" value="IT"/><property name="user.script" value=""/><property name="sun.java.launcher" value="SUN_STANDARD"/><property name="sun.os.patch.level" value=""/><property name="jna.nosys" value="true"/><property name="java.vm.specification.name" value="Java Virtual Machine Specification"/><property name="user.dir" value="C:\Users\paolo.santilli2\Desktop\Unibo\Scalable and Cloud Programming\weather_forecast"/><property name="java.runtime.version" value="1.8.0_191-b12"/><property name="java.awt.graphicsenv" value="sun.awt.Win32GraphicsEnvironment"/><property name="java.endorsed.dirs" value="C:\Program Files\Java\jre1.8.0_191\lib\endorsed"/><property name="os.arch" value="amd64"/><property name="java.io.tmpdir" value="C:\Users\PAOLO~1.SAN\AppData\Local\Temp\"/><property name="line.separator" value="
"/><property name="java.vm.specification.vendor" value="Oracle Corporation"/><property name="user.variant" value=""/><property name="os.name" value="Windows 10"/><property name="sun.jnu.encoding" value="Cp1252"/><property name="jnidispatch.path" value="C:\Users\PAOLO~1.SAN\AppData\Local\Temp\jna--2129713359\jna3685318257551658693.dll"/><property name="java.library.path" value="C:\Program Files (x86)\Common Files\Oracle\Java\javapath;C:\Windows\Sun\Java\bin;C:\Windows\system32;C:\Windows;C:\Users\paolo.santilli2\bin;C:\Program Files\Git\mingw64\bin;C:\Program Files\Git\usr\local\bin;C:\Program Files\Git\usr\bin;C:\Program Files\Git\usr\bin;C:\Program Files\Git\mingw64\bin;C:\Program Files\Git\usr\bin;C:\Users\paolo.santilli2\bin;C:\Program Files\Haskell\bin;C:\Program Files\Haskell Platform\8.6.5\lib\extralibs\bin;C:\Program Files\Haskell Platform\8.6.5\bin;C:\Program Files (x86)\Common Files\Oracle\Java\javapath;C:\Windows\system32;C:\Windows;C:\Windows\System32\Wbem;C:\Windows\System32\WindowsPowerShell\v1.0;C:\Windows\System32\OpenSSH;C:\Program Files (x86)\sbt\bin;C:\MinGW\bin;C:\Users\paolo.santilli2\Desktop\boost_1_60_0\tools\build\PREFIX\bin;C:\Users\paolo.santilli2\Desktop\cmake-3.13.3-win64-x64\bin;C:\Go\bin;C:\Program Files\Haskell Platform\8.6.5\mingw\bin;C:\Users\paolo.santilli2\AppData\Roaming\cabal\bin;C:\Users\paolo.santilli2\AppData\Roaming\local\bin;C:\Users\paolo.santilli2\.cargo\bin;C:\Users\paolo.santilli2\AppData\Local\Programs\Python\Python36\Scripts;C:\Users\paolo.santilli2\AppData\Local\Programs\Python\Python36;C:\Users\paolo.santilli2\AppData\Local\Microsoft\WindowsApps;C:\Users\paolo.santilli2\AppData\Local\Programs\Microsoft VS Code\bin;C:\MinGW\bin;C:\Users\paolo.santilli2\AppData\Local\Programs\MiKTeX 2.9\miktex\bin\x64;C:\Program Files\erl10.3\bin;C:\Users\paolo.santilli2\go\bin;C:\Program Files\Git\usr\bin\vendor_perl;C:\Program Files\Git\usr\bin\core_perl;."/><property name="java.specification.name" value="Java Platform API Specification"/><property name="java.class.version" value="52.0"/><property name="sun.management.compiler" value="HotSpot 64-Bit Tiered Compilers"/><property name="os.version" value="10.0"/><property name="user.home" value="C:\Users\paolo.santilli2"/><property name="user.timezone" value="Europe/Berlin"/><property name="java.awt.printerjob" value="sun.awt.windows.WPrinterJob"/><property name="file.encoding" value="Cp1252"/><property name="java.specification.version" value="1.8"/><property name="java.class.path" value="C:\Program Files (x86)\sbt\bin\sbt-launch.jar"/><property name="user.name" value="paolo.santilli2"/><property name="jline.shutdownhook" value="false"/><property name="java.vm.specification.version" value="1.8"/><property name="sun.java.command" value="C:\Program Files (x86)\sbt\bin\sbt-launch.jar assembly"/><property name="java.home" value="C:\Program Files\Java\jre1.8.0_191"/><property name="sun.arch.data.model" value="64"/><property name="user.language" value="it"/><property name="java.specification.vendor" value="Oracle Corporation"/><property name="awt.toolkit" value="sun.awt.windows.WToolkit"/><property name="java.vm.info" value="mixed mode"/><property name="java.version" value="1.8.0_191"/><property name="java.ext.dirs" value="C:\Program Files\Java\jre1.8.0_191\lib\ext;C:\Windows\Sun\Java\lib\ext"/><property name="sun.boot.class.path" value="C:\Program Files\Java\jre1.8.0_191\lib\resources.jar;C:\Program Files\Java\jre1.8.0_191\lib\rt.jar;C:\Program Files\Java\jre1.8.0_191\lib\sunrsasign.jar;C:\Program Files\Java\jre1.8.0_191\lib\jsse.jar;C:\Program Files\Java\jre1.8.0_191\lib\jce.jar;C:\Program Files\Java\jre1.8.0_191\lib\charsets.jar;C:\Program Files\Java\jre1.8.0_191\lib\jfr.jar;C:\Program Files\Java\jre1.8.0_191\classes"/><property name="java.vendor" value="Oracle Corporation"/><property name="file.separator" value="\"/><property name="sbt.cygwin" value="true"/><property name="java.vendor.url.bug" value="http://bugreport.sun.com/bugreport/"/><property name="sun.io.unicode.encoding" value="UnicodeLittle"/><property name="sun.cpu.endian" value="little"/><property name="sun.desktop" value="windows"/><property name="sun.cpu.isalist" value="amd64"/>
    </properties>
                     <testcase classname="org.weather.model.forecast.TestInitalProcess" name="Test Mandotry Parms checking" time="0.093">
                                                 
                                               </testcase><testcase classname="org.weather.model.forecast.TestInitalProcess" name="Test to Check all parms are pased correctly" time="0.002">
                                                 
                                               </testcase><testcase classname="org.weather.model.forecast.TestInitalProcess" name="Test invalid Month exception" time="0.088">
                                                 
                                               </testcase><testcase classname="org.weather.model.forecast.TestInitalProcess" name="Test invalid Year exception" time="0.009">
                                                 
                                               </testcase><testcase classname="org.weather.model.forecast.TestInitalProcess" name="Test valid date out of range exception" time="0.022">
                                                 
                                               </testcase><testcase classname="org.weather.model.forecast.TestInitalProcess" name="Parsing of valid date" time="0.001">
                                                 
                                               </testcase><testcase classname="org.weather.model.forecast.TestInitalProcess" name="Test exception for invalid min &amp; max dates" time="0.011">
                                                 
                                               </testcase><testcase classname="org.weather.model.forecast.TestInitalProcess" name="Test download File" time="1.431">
                                                 
                                               </testcase>
                     <system-out><![CDATA[]]></system-out>
                     <system-err><![CDATA[]]></system-err>
                   </testsuite>